build/app/outputs/mapping/release/mapping.txt
# compiler: R8
# compiler_version: 2.1.62
# min_api: 16
# pg_map_id: 32d4e90
# common_typos_disable
...
io.flutter.embedding.android.FlutterTextureView$1 -> io.flutter.embedding.android.j$a:
    io.flutter.embedding.android.FlutterTextureView this$0 -> a
io.flutter.embedding.android.FlutterView -> io.flutter.embedding.android.k:
    io.flutter.embedding.android.KeyboardManager keyboardManager -> m
    io.flutter.embedding.engine.FlutterEngine flutterEngine -> h
    io.flutter.embedding.android.FlutterTextureView flutterTextureView -> b
    io.flutter.plugin.mouse.MouseCursorPlugin mouseCursorPlugin -> j
    io.flutter.embedding.engine.renderer.FlutterRenderer$ViewportMetrics viewportMetrics -> p
    io.flutter.embedding.android.FlutterSurfaceView flutterSurfaceView -> a
    java.util.Set flutterEngineAttachmentListeners -> i
    io.flutter.view.AccessibilityBridge$OnAccessibilityChangeListener onAccessibilityChangeListener -> q
    io.flutter.embedding.android.AndroidTouchProcessor androidTouchProcessor -> n
    io.flutter.view.AccessibilityBridge accessibilityBridge -> o
    io.flutter.embedding.engine.renderer.RenderSurface renderSurface -> d
    io.flutter.plugin.editing.TextInputPlugin textInputPlugin -> k
    io.flutter.embedding.engine.renderer.RenderSurface previousRenderSurface -> e
    java.util.Set flutterUiDisplayListeners -> f
    io.flutter.embedding.android.FlutterImageView flutterImageView -> c
    boolean isFlutterUiDisplayed -> g
    io.flutter.plugin.localization.LocalizationPlugin localizationPlugin -> l
    io.flutter.embedding.engine.renderer.FlutterUiDisplayListener flutterUiDisplayListener -> r
    android.view.PointerIcon getSystemPointerIcon(int) -> a
io.flutter.embedding.android.FlutterView$1 -> io.flutter.embedding.android.k$a:
    io.flutter.embedding.android.FlutterView this$0 -> a
    void onAccessibilityChanged(boolean,boolean) -> a
io.flutter.embedding.android.FlutterView$2 -> io.flutter.embedding.android.k$b:
    io.flutter.embedding.android.FlutterView this$0 -> a
    void onFlutterUiDisplayed() -> d
    void onFlutterUiNoLongerDisplayed() -> f
io.flutter.embedding.android.FlutterView$3 -> io.flutter.embedding.android.k$c:
    java.lang.Runnable val$onDone -> b
    io.flutter.embedding.engine.renderer.FlutterRenderer val$renderer -> a
    io.flutter.embedding.android.FlutterView this$0 -> c
    void onFlutterUiDisplayed() -> d
    void onFlutterUiNoLongerDisplayed() -> f
io.flutter.embedding.android.FlutterView$FlutterEngineAttachmentListener -> io.flutter.embedding.android.k$d:
    void onFlutterEngineAttachedToFlutterView(io.flutter.embedding.engine.FlutterEngine) -> a
    void onFlutterEngineDetachedFromFlutterView() -> b
io.flutter.embedding.android.FlutterView$ZeroSides -> io.flutter.embedding.android.k$e:
    io.flutter.embedding.android.FlutterView$ZeroSides NONE -> a
    io.flutter.embedding.android.FlutterView$ZeroSides[] $VALUES -> e
    io.flutter.embedding.android.FlutterView$ZeroSides BOTH -> d
    io.flutter.embedding.android.FlutterView$ZeroSides RIGHT -> c
    io.flutter.embedding.android.FlutterView$ZeroSides LEFT -> b
io.flutter.embedding.android.KeyChannelResponder -> io.flutter.embedding.android.l:
    io.flutter.embedding.engine.systemchannels.KeyEventChannel keyEventChannel -> a
    int combiningCharacter -> b
    void handleEvent(android.view.KeyEvent,io.flutter.embedding.android.KeyboardManager$Responder$OnKeyEventHandledCallback) -> a
    java.lang.Character applyCombiningCharacterToBaseCharacter(int) -> b
    void lambda$handleEvent$0(io.flutter.embedding.android.KeyboardManager$Responder$OnKeyEventHandledCallback,boolean) -> c