build/app/outputs/mapping/release/usage.txt
com.example.newsapp.BuildConfig
com.example.newsapp.R$attr
com.example.newsapp.R$xml
com.example.newsapp.R$mipmap
com.example.newsapp.R$color
com.example.newsapp.R$id
com.example.newsapp.R$string
com.example.newsapp.R$integer
com.example.newsapp.R$style
com.example.newsapp.R
com.example.newsapp.R$styleable
com.example.newsapp.R$drawable
com.example.newsapp.R$layout
com.example.newsapp.R$dimen
...
com.google.common.collect.Lists$TransformingRandomAccessList$1
com.google.common.collect.MapMakerInternalMap$WeakKeyWeakValueEntry$Helper
com.google.common.collect.Synchronized$SynchronizedSortedMap
com.google.common.collect.ObjectArrays
com.google.errorprone.annotations.CompatibleWith
androidx.core.view.WindowInsetsAnimationCompat$Impl21$Impl21OnApplyWindowInsetsListener$2
com.google.common.io.FileBackedOutputStream$1
androidx.core.location.LocationManagerCompat$1
com.google.common.io.BaseEncoding$StandardBaseEncoding
com.google.common.io.Closer$LoggingSuppressor
androidx.activity.R$attr
com.google.common.io.BaseEncoding$Base64Encoding
com.google.common.util.concurrent.ForwardingFuture$SimpleForwardingFuture
androidx.core.view.OneShotPreDrawListener
kotlin.io.FileTreeWalk$FileTreeWalkIterator$WhenMappings
androidx.annotation.Size
com.google.common.collect.Iterables$UnmodifiableIterable
com.google.common.collect.RegularImmutableTable$1
kotlin.coroutines.experimental.ContinuationInterceptor$DefaultImpls
androidx.core.view.WindowInsetsAnimationControllerCompat$Impl30
com.google.common.cache.LocalCache$Values
kotlin.io.FileWalkDirection
androidx.fragment.app.FragmentManagerImpl$5
com.google.common.graph.AbstractValueGraph$1
com.google.common.hash.AbstractHasher
com.google.common.util.concurrent.UncaughtExceptionHandlers
kotlin.annotation.Target
androidx.lifecycle.ReportFragment$LifecycleCallbacks
com.google.common.collect.ComputationException
kotlin.coroutines.CoroutineContext$Element
com.google.common.collect.Sets$PowerSet$1
androidx.core.view.DisplayCompat
com.google.common.eventbus.AsyncEventBus
kotlin.coroutines.ContinuationInterceptor$DefaultImpls
kotlin.jvm.Transient
com.google.common.graph.AbstractBaseGraph$IncidentEdgeSet$Directed
androidx.core.provider.FontRequestWorker$2
com.google.common.reflect.Types$NativeTypeVariableEquals
androidx.core.view.AccessibilityDelegateCompat$AccessibilityDelegateAdapter
com.google.common.collect.UnmodifiableListIterator
com.google.common.util.concurrent.InterruptibleTask
androidx.core.location.LocationManagerCompat$CancellableLocationListener$1
androidx.annotation.StringDef
com.google.common.collect.AbstractListMultimap
com.google.common.util.concurrent.ExecutionSequencer$1
androidx.core.graphics.TypefaceCompatUtil
com.google.common.math.LinearTransformation$LinearTransformationBuilder
com.google.common.cache.RemovalNotification
androidx.core.location.GnssStatusWrapper
com.google.common.io.Flushables
com.google.common.reflect.TypeToken$TypeCollector$4
com.google.common.cache.Striped64$Cell
androidx.core.view.ContentInfoCompat
kotlin.sequences.DropTakeSequence
com.google.common.io.ByteSink
com.google.common.collect.Iterators$4
androidx.loader.app.LoaderManagerImpl$LoaderViewModel$1
androidx.versionedparcelable.ParcelUtils
com.google.common.graph.MapRetrievalCache$CacheEntry
kotlin.reflect.KType$DefaultImpls
com.google.common.collect.AbstractBiMap
kotlin.collections.unsigned.UArraysKt___UArraysJvmKt$asList$4
com.google.common.cache.LocalCache$EntryFactory$3
kotlin.text.CharsKt
kotlin.comparisons.ComparisonsKt__ComparisonsKt$thenDescending$1
androidx.core.content.res.ResourcesCompat$ThemeCompat$ImplApi29
androidx.core.content.pm.PackageInfoCompat$Api28Impl
com.google.common.base.CharMatcher$IsNot
com.google.common.collect.ImmutableSortedSet$Builder
com.google.common.util.concurrent.Service$State$5
androidx.core.view.WindowInsetsAnimationCompat
kotlin.ranges.ClosedFloatRange
kotlin.time.ExperimentalTime
androidx.core.view.accessibility.AccessibilityEventCompat
kotlin.io.TextStreamsKt
kotlin.text.StringsKt__IndentKt
com.google.common.collect.HashBiMap$InverseEntrySet
com.google.common.collect.Sets$DescendingSet
dev.fluttercommunity.plus.share.SharePlusPlugin:
    private static final java.lang.String CHANNEL
androidx.core.location.LocationCompat$Api17Impl
androidx.core.content.res.FontResourcesParserCompat
com.google.common.math.LongMath
com.google.common.collect.StandardTable$Column$EntrySet